<?xml version="1.0" encoding="UTF-8" ?>
<testsuite errors="1" failures="0" hostname="Ultra-X" name="com.simpleprogrammer.proteintracker.tests.GoodTestsSuite" skipped="0" tests="3" time="0.121" timestamp="2016-03-27T18:19:28">
  <properties>
[...]
</properties>
  <testcase classname="com.simpleprogrammer.proteintracker.tests.HelloJUnitTest" name="test" time="0.003" />
  <testcase classname="com.simpleprogrammer.proteintracker.tests.TrackingServiceTests" name="WhenAddingProteinTotalIncreasesByThatAmount" time="0.011" />
  <testcase classname="com.simpleprogrammer.proteintracker.tests.TrackingServiceTests" name="WhenRemovingProteinTotalRemainsZero" time="0.05">
    <error message="test timed out after 20 milliseconds" type="org.junit.runners.model.TestTimedOutException">org.junit.runners.model.TestTimedOutException: test timed out after 20 milliseconds
	at java.util.Arrays.copyOf(Unknown Source)
	at java.util.ArrayList.grow(Unknown Source)
	at java.util.ArrayList.ensureExplicitCapacity(Unknown Source)
	at java.util.ArrayList.ensureCapacityInternal(Unknown Source)
	at java.util.ArrayList.add(Unknown Source)
	at com.simpleprogrammer.proteintracker.TrackingService.addProtein(TrackingService.java:16)
	at com.simpleprogrammer.proteintracker.tests.TrackingServiceTests.WhenRemovingProteinTotalRemainsZero(TrackingServiceTests.java:76)
	at java.util.concurrent.FutureTask.run(Unknown Source)
	at java.lang.Thread.run(Unknown Source)
</error>
  </testcase>
  <system-out><![CDATA[Before Class
Before
After
Before
After Class
]]></system-out>
  <system-err><![CDATA[]]></system-err>
</testsuite>
